<?xml version="1.0" encoding="UTF-8"?>
<testsuite name="ohtuesimerkki.StatisticsTest" tests="3" skipped="0" failures="0" errors="0" timestamp="2017-03-26T14:30:51" hostname="KriegMachine" time="0.002">
  <properties/>
  <testcase name="topScorerReturnsRightPlayers" classname="ohtuesimerkki.StatisticsTest" time="0.002"/>
  <testcase name="searchReturnsRightPlayer" classname="ohtuesimerkki.StatisticsTest" time="0.0"/>
  <testcase name="teamReturnsRightList" classname="ohtuesimerkki.StatisticsTest" time="0.0"/>
  <system-out><![CDATA[]]></system-out>
  <system-err><![CDATA[]]></system-err>
</testsuite>
